app/build/intermediates/manifest_merge_blame_file/debug/processDebugMainManifest/manifest-merger-blame-debug-report.txt
1<?xml version="1.0" encoding="utf-8"?>
2<manifest xmlns:android="http://schemas.android.com/apk/res/android"
3    package="com.sportos.watch"
4    android:versionCode="1"
5    android:versionName="1.0" >
6
7    <uses-sdk
8        android:minSdkVersion="30"
9        android:targetSdkVersion="34" />
10
11    <uses-feature android:name="android.hardware.type.watch" />
11-->src\main\AndroidManifest.xml:5:5-64
11-->src\main\AndroidManifest.xml:5:19-61
12
13    <!-- Network & Connectivity for Standalone functionality -->
14    <uses-permission android:name="android.permission.INTERNET" />
14-->src\main\AndroidManifest.xml:8:5-67
14-->src\main\AndroidManifest.xml:8:22-64
15    <uses-permission android:name="android.permission.ACCESS_NETWORK_STATE" />
15-->src\main\AndroidManifest.xml:9:5-79
15-->src\main\AndroidManifest.xml:9:22-76
16    <uses-permission android:name="android.permission.ACCESS_WIFI_STATE" />
16-->src\main\AndroidManifest.xml:10:5-76
16-->src\main\AndroidManifest.xml:10:22-73
17
18    <!-- Hardware Sensors & Health Services -->
19    <uses-permission android:name="android.permission.BODY_SENSORS" />
19-->src\main\AndroidManifest.xml:13:5-71
19-->src\main\AndroidManifest.xml:13:22-68
20    <uses-permission android:name="android.permission.BODY_SENSORS_BACKGROUND" />
20-->src\main\AndroidManifest.xml:14:5-82
20-->src\main\AndroidManifest.xml:14:22-79
21    <uses-permission android:name="android.permission.ACTIVITY_RECOGNITION" />
21-->src\main\AndroidManifest.xml:15:5-79
21-->src\main\AndroidManifest.xml:15:22-76
22
23    <!-- Location -->
24    <uses-permission android:name="android.permission.ACCESS_COARSE_LOCATION" />
24-->src\main\AndroidManifest.xml:18:5-81
24-->src\main\AndroidManifest.xml:18:22-78
25    <uses-permission android:name="android.permission.ACCESS_FINE_LOCATION" />
25-->src\main\AndroidManifest.xml:19:5-79
25-->src\main\AndroidManifest.xml:19:22-76
26    <uses-permission android:name="android.permission.ACCESS_BACKGROUND_LOCATION" />
26-->src\main\AndroidManifest.xml:20:5-85
26-->src\main\AndroidManifest.xml:20:22-82
27
28    <!-- Foreground Service -->
29    <uses-permission android:name="android.permission.FOREGROUND_SERVICE" />
29-->src\main\AndroidManifest.xml:23:5-77
29-->src\main\AndroidManifest.xml:23:22-74
30    <uses-permission android:name="android.permission.FOREGROUND_SERVICE_HEALTH" />
30-->src\main\AndroidManifest.xml:24:5-84
30-->src\main\AndroidManifest.xml:24:22-81
31    <uses-permission android:name="android.permission.FOREGROUND_SERVICE_LOCATION" />
31-->src\main\AndroidManifest.xml:25:5-86
31-->src\main\AndroidManifest.xml:25:22-83
32    <uses-permission android:name="android.permission.POST_NOTIFICATIONS" />
32-->src\main\AndroidManifest.xml:26:5-77
32-->src\main\AndroidManifest.xml:26:22-74
33
34    <!-- Wake Lock for Background tracking -->
35    <uses-permission android:name="android.permission.WAKE_LOCK" />
35-->src\main\AndroidManifest.xml:29:5-68
35-->src\main\AndroidManifest.xml:29:22-65
36
37    <!-- Vibrate for Haptic Coaching -->
38    <uses-permission android:name="android.permission.VIBRATE" />
38-->src\main\AndroidManifest.xml:32:5-66
38-->src\main\AndroidManifest.xml:32:22-63
39
40    <!-- Health Connect Permissions -->
41    <uses-permission android:name="android.permission.health.READ_HEART_RATE" />
41-->src\main\AndroidManifest.xml:35:5-80
41-->src\main\AndroidManifest.xml:35:22-78
42    <uses-permission android:name="android.permission.health.WRITE_HEART_RATE" />
42-->src\main\AndroidManifest.xml:36:5-81
42-->src\main\AndroidManifest.xml:36:22-79
43    <uses-permission android:name="android.permission.health.READ_STEPS" />
43-->src\main\AndroidManifest.xml:37:5-75
43-->src\main\AndroidManifest.xml:37:22-73
44    <uses-permission android:name="android.permission.health.WRITE_STEPS" />
44-->src\main\AndroidManifest.xml:38:5-76
44-->src\main\AndroidManifest.xml:38:22-74
45    <uses-permission android:name="android.permission.health.READ_DISTANCE" />
45-->src\main\AndroidManifest.xml:39:5-78
45-->src\main\AndroidManifest.xml:39:22-76
46    <uses-permission android:name="android.permission.health.WRITE_DISTANCE" />
46-->src\main\AndroidManifest.xml:40:5-79
46-->src\main\AndroidManifest.xml:40:22-77
47    <uses-permission android:name="android.permission.health.WRITE_EXERCISE_ROUTE" />
47-->src\main\AndroidManifest.xml:41:5-85
47-->src\main\AndroidManifest.xml:41:22-83
48    <uses-permission android:name="android.permission.health.WRITE_EXERCISE" />
48-->src\main\AndroidManifest.xml:42:5-79
48-->src\main\AndroidManifest.xml:42:22-77
49
50    <queries>
50-->[androidx.health:health-services-client:1.1.0-alpha02] AndroidManifest.xml:19:5-21:15
51        <package android:name="com.google.android.wearable.healthservices" />
51-->[androidx.health:health-services-client:1.1.0-alpha02] AndroidManifest.xml:20:9-78
51-->[androidx.health:health-services-client:1.1.0-alpha02] AndroidManifest.xml:20:18-75
52    </queries>
53
54    <permission
54-->[androidx.core:core:1.12.0] AndroidManifest.xml:22:5-24:47
55        android:name="com.sportos.watch.DYNAMIC_RECEIVER_NOT_EXPORTED_PERMISSION"
55-->[androidx.core:core:1.12.0] AndroidManifest.xml:23:9-81
56        android:protectionLevel="signature" />
56-->[androidx.core:core:1.12.0] AndroidManifest.xml:24:9-44
57
58    <uses-permission android:name="com.sportos.watch.DYNAMIC_RECEIVER_NOT_EXPORTED_PERMISSION" />
58-->[androidx.core:core:1.12.0] AndroidManifest.xml:26:5-97
58-->[androidx.core:core:1.12.0] AndroidManifest.xml:26:22-94
59
60    <supports-screens
60-->[org.osmdroid:osmdroid-android:6.1.20] AndroidManifest.xml:9:5-12:40
61        android:anyDensity="true"
61-->[org.osmdroid:osmdroid-android:6.1.20] AndroidManifest.xml:10:9-34
62        android:largeScreens="true"
62-->[org.osmdroid:osmdroid-android:6.1.20] AndroidManifest.xml:11:9-36
63        android:normalScreens="true" />
63-->[org.osmdroid:osmdroid-android:6.1.20] AndroidManifest.xml:12:9-37
64
65    <uses-feature
65-->[org.osmdroid:osmdroid-android:6.1.20] AndroidManifest.xml:14:5-16:36
66        android:name="android.hardware.location.network"
66-->[org.osmdroid:osmdroid-android:6.1.20] AndroidManifest.xml:15:9-57
67        android:required="false" />
67-->[org.osmdroid:osmdroid-android:6.1.20] AndroidManifest.xml:16:9-33
68    <uses-feature
68-->[org.osmdroid:osmdroid-android:6.1.20] AndroidManifest.xml:17:5-19:36
69        android:name="android.hardware.location.gps"
69-->[org.osmdroid:osmdroid-android:6.1.20] AndroidManifest.xml:18:9-53
70        android:required="false" />
70-->[org.osmdroid:osmdroid-android:6.1.20] AndroidManifest.xml:19:9-33
71    <uses-feature
71-->[org.osmdroid:osmdroid-android:6.1.20] AndroidManifest.xml:20:5-22:36
72        android:name="android.hardware.telephony"
72-->[org.osmdroid:osmdroid-android:6.1.20] AndroidManifest.xml:21:9-50
73        android:required="false" />
73-->[org.osmdroid:osmdroid-android:6.1.20] AndroidManifest.xml:22:9-33
74    <uses-feature
74-->[org.osmdroid:osmdroid-android:6.1.20] AndroidManifest.xml:23:5-25:36
75        android:name="android.hardware.wifi"
75-->[org.osmdroid:osmdroid-android:6.1.20] AndroidManifest.xml:24:9-45
76        android:required="false" />
76-->[org.osmdroid:osmdroid-android:6.1.20] AndroidManifest.xml:25:9-33
77
78    <application
78-->src\main\AndroidManifest.xml:44:5-91:19
79        android:allowBackup="false"
79-->src\main\AndroidManifest.xml:45:9-36
80        android:appComponentFactory="androidx.core.app.CoreComponentFactory"
80-->[androidx.core:core:1.12.0] AndroidManifest.xml:28:18-86
81        android:debuggable="true"
82        android:extractNativeLibs="false"
83        android:icon="@mipmap/ic_launcher"
83-->src\main\AndroidManifest.xml:46:9-43
84        android:label="Calopeia"
84-->src\main\AndroidManifest.xml:47:9-33
85        android:supportsRtl="true"
85-->src\main\AndroidManifest.xml:48:9-35
86        android:theme="@android:style/Theme.DeviceDefault" >
86-->src\main\AndroidManifest.xml:49:9-59
87        <meta-data
87-->src\main\AndroidManifest.xml:51:9-53:36
88            android:name="com.google.android.wearable.standalone"
88-->src\main\AndroidManifest.xml:52:13-66
89            android:value="true" />
89-->src\main\AndroidManifest.xml:53:13-33
90
91        <activity
91-->src\main\AndroidManifest.xml:55:9-64:20
92            android:name="com.sportos.watch.MainActivity"
92-->src\main\AndroidManifest.xml:56:13-41
93            android:exported="true"
93-->src\main\AndroidManifest.xml:57:13-36
94            android:taskAffinity=""
94-->src\main\AndroidManifest.xml:58:13-36
95            android:theme="@android:style/Theme.DeviceDefault" >
95-->src\main\AndroidManifest.xml:59:13-63
96            <intent-filter>
96-->src\main\AndroidManifest.xml:60:13-63:29
97                <action android:name="android.intent.action.MAIN" />
97-->src\main\AndroidManifest.xml:61:17-69
97-->src\main\AndroidManifest.xml:61:25-66
98
99                <category android:name="android.intent.category.LAUNCHER" />
99-->src\main\AndroidManifest.xml:62:17-77
99-->src\main\AndroidManifest.xml:62:27-74
100            </intent-filter>
101        </activity>
102
103        <service
103-->src\main\AndroidManifest.xml:66:9-70:63
104            android:name="com.sportos.watch.service.WorkoutService"
104-->src\main\AndroidManifest.xml:67:13-51
105            android:enabled="true"
105-->src\main\AndroidManifest.xml:68:13-35
106            android:exported="false"
106-->src\main\AndroidManifest.xml:69:13-37
107            android:foregroundServiceType="location|health" />
107-->src\main\AndroidManifest.xml:70:13-60
108
109        <!-- Health Connect configuration -->
110        <activity
110-->src\main\AndroidManifest.xml:73:9-79:20
111            android:name="com.sportos.watch.presentation.social.HealthConnectSettingsActivity"
111-->src\main\AndroidManifest.xml:74:13-78
112            android:exported="true" >
112-->src\main\AndroidManifest.xml:75:13-36
113            <intent-filter>
113-->src\main\AndroidManifest.xml:76:13-78:29
114                <action android:name="androidx.health.ACTION_SHOW_PERMISSIONS_RATIONALE" />
114-->src\main\AndroidManifest.xml:77:17-92
114-->src\main\AndroidManifest.xml:77:25-89
115            </intent-filter>
116        </activity>
117
118        <!-- Pre-built Android FileProvider for GPX Workout Exports -->
119        <provider
120            android:name="androidx.core.content.FileProvider"
120-->src\main\AndroidManifest.xml:83:13-62
121            android:authorities="com.sportos.watch.fileprovider"
121-->src\main\AndroidManifest.xml:84:13-64
122            android:exported="false"
122-->src\main\AndroidManifest.xml:85:13-37
123            android:grantUriPermissions="true" >
123-->src\main\AndroidManifest.xml:86:13-47
124            <meta-data
124-->src\main\AndroidManifest.xml:87:13-89:54
125                android:name="android.support.FILE_PROVIDER_PATHS"
125-->src\main\AndroidManifest.xml:88:17-67
126                android:resource="@xml/file_paths" />
126-->src\main\AndroidManifest.xml:89:17-51
127        </provider>
128
129        <service
129-->[androidx.health:health-services-client:1.1.0-alpha02] AndroidManifest.xml:24:9-31:19
130            android:name="androidx.health.services.client.VersionApiService"
130-->[androidx.health:health-services-client:1.1.0-alpha02] AndroidManifest.xml:25:13-77
131            android:exported="true"
131-->[androidx.health:health-services-client:1.1.0-alpha02] AndroidManifest.xml:26:13-36
132            android:permission="com.google.android.wearable.healthservices.permission.PASSIVE_DATA_BINDING" >
132-->[androidx.health:health-services-client:1.1.0-alpha02] AndroidManifest.xml:27:13-108
133            <intent-filter>
133-->[androidx.health:health-services-client:1.1.0-alpha02] AndroidManifest.xml:28:13-30:29
134                <action android:name="hs.versionclient.BIND" />
134-->[androidx.health:health-services-client:1.1.0-alpha02] AndroidManifest.xml:29:17-64
134-->[androidx.health:health-services-client:1.1.0-alpha02] AndroidManifest.xml:29:25-61
135            </intent-filter>
136        </service>
137        <service
137-->[androidx.health.connect:connect-client:1.1.0-alpha07] AndroidManifest.xml:24:9-32:19
138            android:name="androidx.health.platform.client.impl.sdkservice.HealthDataSdkService"
138-->[androidx.health.connect:connect-client:1.1.0-alpha07] AndroidManifest.xml:25:13-96
139            android:enabled="true"
139-->[androidx.health.connect:connect-client:1.1.0-alpha07] AndroidManifest.xml:26:13-35
140            android:exported="true" >
140-->[androidx.health.connect:connect-client:1.1.0-alpha07] AndroidManifest.xml:27:13-36
141            <intent-filter>
141-->[androidx.health.connect:connect-client:1.1.0-alpha07] AndroidManifest.xml:29:13-31:29
142                <action android:name="androidx.health.platform.client.ACTION_BIND_SDK_SERVICE" />
142-->[androidx.health.connect:connect-client:1.1.0-alpha07] AndroidManifest.xml:30:17-98
142-->[androidx.health.connect:connect-client:1.1.0-alpha07] AndroidManifest.xml:30:25-95
143            </intent-filter>
144        </service>
145
146        <uses-library
146-->[androidx.wear:wear:1.3.0] AndroidManifest.xml:23:9-25:40
147            android:name="com.google.android.wearable"
147-->[androidx.wear:wear:1.3.0] AndroidManifest.xml:24:13-55
148            android:required="false" />
148-->[androidx.wear:wear:1.3.0] AndroidManifest.xml:25:13-37
149
150        <activity
150-->[com.google.android.gms:play-services-base:18.0.1] AndroidManifest.xml:20:9-22:45
151            android:name="com.google.android.gms.common.api.GoogleApiActivity"
151-->[com.google.android.gms:play-services-base:18.0.1] AndroidManifest.xml:20:19-85
152            android:exported="false"
152-->[com.google.android.gms:play-services-base:18.0.1] AndroidManifest.xml:22:19-43
153            android:theme="@android:style/Theme.Translucent.NoTitleBar" />
153-->[com.google.android.gms:play-services-base:18.0.1] AndroidManifest.xml:21:19-78
154
155        <service
155-->[androidx.room:room-runtime:2.6.1] AndroidManifest.xml:24:9-28:63
156            android:name="androidx.room.MultiInstanceInvalidationService"
156-->[androidx.room:room-runtime:2.6.1] AndroidManifest.xml:25:13-74
157            android:directBootAware="true"
157-->[androidx.room:room-runtime:2.6.1] AndroidManifest.xml:26:13-43
158            android:exported="false" />
158-->[androidx.room:room-runtime:2.6.1] AndroidManifest.xml:27:13-37
159
160        <provider
160-->[androidx.emoji2:emoji2:1.3.0] AndroidManifest.xml:24:9-32:20
161            android:name="androidx.startup.InitializationProvider"
161-->[androidx.emoji2:emoji2:1.3.0] AndroidManifest.xml:25:13-67
162            android:authorities="com.sportos.watch.androidx-startup"
162-->[androidx.emoji2:emoji2:1.3.0] AndroidManifest.xml:26:13-68
163            android:exported="false" >
163-->[androidx.emoji2:emoji2:1.3.0] AndroidManifest.xml:27:13-37
164            <meta-data
164-->[androidx.emoji2:emoji2:1.3.0] AndroidManifest.xml:29:13-31:52
165                android:name="androidx.emoji2.text.EmojiCompatInitializer"
165-->[androidx.emoji2:emoji2:1.3.0] AndroidManifest.xml:30:17-75
166                android:value="androidx.startup" />
166-->[androidx.emoji2:emoji2:1.3.0] AndroidManifest.xml:31:17-49
167            <meta-data
167-->[androidx.lifecycle:lifecycle-process:2.7.0] AndroidManifest.xml:29:13-31:52
168                android:name="androidx.lifecycle.ProcessLifecycleInitializer"
168-->[androidx.lifecycle:lifecycle-process:2.7.0] AndroidManifest.xml:30:17-78
169                android:value="androidx.startup" />
169-->[androidx.lifecycle:lifecycle-process:2.7.0] AndroidManifest.xml:31:17-49
170            <meta-data
170-->[androidx.profileinstaller:profileinstaller:1.3.0] AndroidManifest.xml:29:13-31:52
171                android:name="androidx.profileinstaller.ProfileInstallerInitializer"
171-->[androidx.profileinstaller:profileinstaller:1.3.0] AndroidManifest.xml:30:17-85
172                android:value="androidx.startup" />
172-->[androidx.profileinstaller:profileinstaller:1.3.0] AndroidManifest.xml:31:17-49
173        </provider>
174
175        <activity
175-->[androidx.compose.ui:ui-tooling-android:1.7.0-alpha04] AndroidManifest.xml:23:9-25:39
176            android:name="androidx.compose.ui.tooling.PreviewActivity"
176-->[androidx.compose.ui:ui-tooling-android:1.7.0-alpha04] AndroidManifest.xml:24:13-71
177            android:exported="true" />
177-->[androidx.compose.ui:ui-tooling-android:1.7.0-alpha04] AndroidManifest.xml:25:13-36
178        <activity
178-->[androidx.compose.ui:ui-test-manifest:1.7.0-alpha04] AndroidManifest.xml:23:9-25:39
179            android:name="androidx.activity.ComponentActivity"
179-->[androidx.compose.ui:ui-test-manifest:1.7.0-alpha04] AndroidManifest.xml:24:13-63
180            android:exported="true" />
180-->[androidx.compose.ui:ui-test-manifest:1.7.0-alpha04] AndroidManifest.xml:25:13-36
181
182        <meta-data
182-->[com.google.android.gms:play-services-basement:18.0.0] AndroidManifest.xml:21:9-23:69
183            android:name="com.google.android.gms.version"
183-->[com.google.android.gms:play-services-basement:18.0.0] AndroidManifest.xml:22:13-58
184            android:value="@integer/google_play_services_version" />
184-->[com.google.android.gms:play-services-basement:18.0.0] AndroidManifest.xml:23:13-66
185
186        <receiver
186-->[androidx.profileinstaller:profileinstaller:1.3.0] AndroidManifest.xml:34:9-52:20
187            android:name="androidx.profileinstaller.ProfileInstallReceiver"
187-->[androidx.profileinstaller:profileinstaller:1.3.0] AndroidManifest.xml:35:13-76
188            android:directBootAware="false"
188-->[androidx.profileinstaller:profileinstaller:1.3.0] AndroidManifest.xml:36:13-44
189            android:enabled="true"
189-->[androidx.profileinstaller:profileinstaller:1.3.0] AndroidManifest.xml:37:13-35
190            android:exported="true"
190-->[androidx.profileinstaller:profileinstaller:1.3.0] AndroidManifest.xml:38:13-36
191            android:permission="android.permission.DUMP" >
191-->[androidx.profileinstaller:profileinstaller:1.3.0] AndroidManifest.xml:39:13-57
192            <intent-filter>
192-->[androidx.profileinstaller:profileinstaller:1.3.0] AndroidManifest.xml:40:13-42:29
193                <action android:name="androidx.profileinstaller.action.INSTALL_PROFILE" />
193-->[androidx.profileinstaller:profileinstaller:1.3.0] AndroidManifest.xml:41:17-91
193-->[androidx.profileinstaller:profileinstaller:1.3.0] AndroidManifest.xml:41:25-88
194            </intent-filter>
195            <intent-filter>
195-->[androidx.profileinstaller:profileinstaller:1.3.0] AndroidManifest.xml:43:13-45:29
196                <action android:name="androidx.profileinstaller.action.SKIP_FILE" />
196-->[androidx.profileinstaller:profileinstaller:1.3.0] AndroidManifest.xml:44:17-85
196-->[androidx.profileinstaller:profileinstaller:1.3.0] AndroidManifest.xml:44:25-82
197            </intent-filter>
198            <intent-filter>
198-->[androidx.profileinstaller:profileinstaller:1.3.0] AndroidManifest.xml:46:13-48:29
199                <action android:name="androidx.profileinstaller.action.SAVE_PROFILE" />
199-->[androidx.profileinstaller:profileinstaller:1.3.0] AndroidManifest.xml:47:17-88
199-->[androidx.profileinstaller:profileinstaller:1.3.0] AndroidManifest.xml:47:25-85
200            </intent-filter>
201            <intent-filter>
201-->[androidx.profileinstaller:profileinstaller:1.3.0] AndroidManifest.xml:49:13-51:29
202                <action android:name="androidx.profileinstaller.action.BENCHMARK_OPERATION" />
202-->[androidx.profileinstaller:profileinstaller:1.3.0] AndroidManifest.xml:50:17-95
202-->[androidx.profileinstaller:profileinstaller:1.3.0] AndroidManifest.xml:50:25-92
203            </intent-filter>
204        </receiver>
205    </application>
206
207</manifest>